# JRE version: Java(TM) SE Runtime Environment (8.0_77-b03) (build 1.8.0_77-b03)
# Java VM: Java HotSpot(TM) 64-Bit Server VM (25.77-b03 mixed mode windows-amd64 compressed oops)
Heap:
 PSYoungGen      total 192512K, used 19715K [0x00000000d5b00000, 0x00000000e2500000, 0x0000000100000000)
  eden space 178176K, 11% used [0x00000000d5b00000,0x00000000d6e40de8,0x00000000e0900000)
  from space 14336K, 0% used [0x00000000e0900000,0x00000000e0900000,0x00000000e1700000)
  to   space 14336K, 0% used [0x00000000e1700000,0x00000000e1700000,0x00000000e2500000)
 ParOldGen       total 80384K, used 18756K [0x0000000081000000, 0x0000000085e80000, 0x00000000d5b00000)
  object space 80384K, 23% used [0x0000000081000000,0x0000000082251288,0x0000000085e80000)
 Metaspace       used 49146K, capacity 51268K, committed 51456K, reserved 1093632K
  class space    used 6426K, capacity 6807K, committed 6912K, reserved 1048576K
GC Heap History (10 events):
Event: 478.249 GC heap before
{Heap before GC invocations=20 (full 7):
 PSYoungGen      total 191488K, used 160K [0x00000000d5b00000, 0x00000000e2500000, 0x0000000100000000)
  eden space 177664K, 0% used [0x00000000d5b00000,0x00000000d5b00000,0x00000000e0880000)
  from space 13824K, 1% used [0x00000000e0880000,0x00000000e08a8000,0x00000000e1600000)
  to   space 14336K, 0% used [0x00000000e1700000,0x00000000e1700000,0x00000000e2500000)
 ParOldGen       total 80384K, used 18752K [0x0000000081000000, 0x0000000085e80000, 0x00000000d5b00000)
  object space 80384K, 23% used [0x0000000081000000,0x00000000822501c8,0x0000000085e80000)
 Metaspace       used 49086K, capacity 51150K, committed 51456K, reserved 1093632K
  class space    used 6420K, capacity 6798K, committed 6912K, reserved 1048576K
Event: 478.354 GC heap after
Heap after GC invocations=20 (full 7):
 PSYoungGen      total 191488K, used 0K [0x00000000d5b00000, 0x00000000e2500000, 0x0000000100000000)
  eden space 177664K, 0% used [0x00000000d5b00000,0x00000000d5b00000,0x00000000e0880000)
  from space 13824K, 0% used [0x00000000e0880000,0x00000000e0880000,0x00000000e1600000)
  to   space 14336K, 0% used [0x00000000e1700000,0x00000000e1700000,0x00000000e2500000)
 ParOldGen       total 80384K, used 18758K [0x0000000081000000, 0x0000000085e80000, 0x00000000d5b00000)
  object space 80384K, 23% used [0x0000000081000000,0x00000000822518c0,0x0000000085e80000)
 Metaspace       used 49086K, capacity 51150K, committed 51456K, reserved 1093632K
  class space    used 6420K, capacity 6798K, committed 6912K, reserved 1048576K
}
Event: 629.288 GC heap before
{Heap before GC invocations=21 (full 7):
 PSYoungGen      total 191488K, used 15504K [0x00000000d5b00000, 0x00000000e2500000, 0x0000000100000000)
  eden space 177664K, 8% used [0x00000000d5b00000,0x00000000d6a241c0,0x00000000e0880000)
  from space 13824K, 0% used [0x00000000e0880000,0x00000000e0880000,0x00000000e1600000)
  to   space 14336K, 0% used [0x00000000e1700000,0x00000000e1700000,0x00000000e2500000)
 ParOldGen       total 80384K, used 18758K [0x0000000081000000, 0x0000000085e80000, 0x00000000d5b00000)
  object space 80384K, 23% used [0x0000000081000000,0x00000000822518c0,0x0000000085e80000)
 Metaspace       used 49108K, capacity 51214K, committed 51456K, reserved 1093632K
  class space    used 6421K, capacity 6798K, committed 6912K, reserved 1048576K
Event: 629.293 GC heap after
Heap after GC invocations=21 (full 7):
 PSYoungGen      total 192512K, used 96K [0x00000000d5b00000, 0x00000000e2500000, 0x0000000100000000)
  eden space 178176K, 0% used [0x00000000d5b00000,0x00000000d5b00000,0x00000000e0900000)
  from space 14336K, 0% used [0x00000000e1700000,0x00000000e1718000,0x00000000e2500000)
  to   space 14336K, 0% used [0x00000000e0900000,0x00000000e0900000,0x00000000e1700000)
 ParOldGen       total 80384K, used 18758K [0x0000000081000000, 0x0000000085e80000, 0x00000000d5b00000)
  object space 80384K, 23% used [0x0000000081000000,0x00000000822518c0,0x0000000085e80000)
 Metaspace       used 49108K, capacity 51214K, committed 51456K, reserved 1093632K
  class space    used 6421K, capacity 6798K, committed 6912K, reserved 1048576K
}
Event: 629.293 GC heap before
{Heap before GC invocations=22 (full 8):
 PSYoungGen      total 192512K, used 96K [0x00000000d5b00000, 0x00000000e2500000, 0x0000000100000000)
  eden space 178176K, 0% used [0x00000000d5b00000,0x00000000d5b00000,0x00000000e0900000)
  from space 14336K, 0% used [0x00000000e1700000,0x00000000e1718000,0x00000000e2500000)
  to   space 14336K, 0% used [0x00000000e0900000,0x00000000e0900000,0x00000000e1700000)
 ParOldGen       total 80384K, used 18758K [0x0000000081000000, 0x0000000085e80000, 0x00000000d5b00000)
  object space 80384K, 23% used [0x0000000081000000,0x00000000822518c0,0x0000000085e80000)
 Metaspace       used 49108K, capacity 51214K, committed 51456K, reserved 1093632K
  class space    used 6421K, capacity 6798K, committed 6912K, reserved 1048576K
Event: 629.357 GC heap after
Heap after GC invocations=22 (full 8):
 PSYoungGen      total 192512K, used 0K [0x00000000d5b00000, 0x00000000e2500000, 0x0000000100000000)
  eden space 178176K, 0% used [0x00000000d5b00000,0x00000000d5b00000,0x00000000e0900000)
  from space 14336K, 0% used [0x00000000e1700000,0x00000000e1700000,0x00000000e2500000)
  to   space 14336K, 0% used [0x00000000e0900000,0x00000000e0900000,0x00000000e1700000)
 ParOldGen       total 80384K, used 18775K [0x0000000081000000, 0x0000000085e80000, 0x00000000d5b00000)
  object space 80384K, 23% used [0x0000000081000000,0x0000000082255ed0,0x0000000085e80000)
 Metaspace       used 49108K, capacity 51214K, committed 51456K, reserved 1093632K
  class space    used 6421K, capacity 6798K, committed 6912K, reserved 1048576K
}
Event: 651.414 GC heap before
{Heap before GC invocations=23 (full 8):
 PSYoungGen      total 192512K, used 7827K [0x00000000d5b00000, 0x00000000e2500000, 0x0000000100000000)
  eden space 178176K, 4% used [0x00000000d5b00000,0x00000000d62a4f60,0x00000000e0900000)
  from space 14336K, 0% used [0x00000000e1700000,0x00000000e1700000,0x00000000e2500000)
  to   space 14336K, 0% used [0x00000000e0900000,0x00000000e0900000,0x00000000e1700000)
 ParOldGen       total 80384K, used 18775K [0x0000000081000000, 0x0000000085e80000, 0x00000000d5b00000)
  object space 80384K, 23% used [0x0000000081000000,0x0000000082255ed0,0x0000000085e80000)
 Metaspace       used 49108K, capacity 51214K, committed 51456K, reserved 1093632K
  class space    used 6421K, capacity 6798K, committed 6912K, reserved 1048576K
Event: 651.416 GC heap after
Heap after GC invocations=23 (full 8):
 PSYoungGen      total 192512K, used 64K [0x00000000d5b00000, 0x00000000e2500000, 0x0000000100000000)
  eden space 178176K, 0% used [0x00000000d5b00000,0x00000000d5b00000,0x00000000e0900000)
  from space 14336K, 0% used [0x00000000e0900000,0x00000000e0910000,0x00000000e1700000)
  to   space 14336K, 0% used [0x00000000e1700000,0x00000000e1700000,0x00000000e2500000)
 ParOldGen       total 80384K, used 18775K [0x0000000081000000, 0x0000000085e80000, 0x00000000d5b00000)
  object space 80384K, 23% used [0x0000000081000000,0x0000000082255ed0,0x0000000085e80000)
 Metaspace       used 49108K, capacity 51214K, committed 51456K, reserved 1093632K
  class space    used 6421K, capacity 6798K, committed 6912K, reserved 1048576K
}
Event: 651.416 GC heap before
{Heap before GC invocations=24 (full 9):
 PSYoungGen      total 192512K, used 64K [0x00000000d5b00000, 0x00000000e2500000, 0x0000000100000000)
  eden space 178176K, 0% used [0x00000000d5b00000,0x00000000d5b00000,0x00000000e0900000)
  from space 14336K, 0% used [0x00000000e0900000,0x00000000e0910000,0x00000000e1700000)
  to   space 14336K, 0% used [0x00000000e1700000,0x00000000e1700000,0x00000000e2500000)
 ParOldGen       total 80384K, used 18775K [0x0000000081000000, 0x0000000085e80000, 0x00000000d5b00000)
  object space 80384K, 23% used [0x0000000081000000,0x0000000082255ed0,0x0000000085e80000)
 Metaspace       used 49108K, capacity 51214K, committed 51456K, reserved 1093632K
  class space    used 6421K, capacity 6798K, committed 6912K, reserved 1048576K
Event: 651.474 GC heap after
Heap after GC invocations=24 (full 9):
 PSYoungGen      total 192512K, used 0K [0x00000000d5b00000, 0x00000000e2500000, 0x0000000100000000)
  eden space 178176K, 0% used [0x00000000d5b00000,0x00000000d5b00000,0x00000000e0900000)
  from space 14336K, 0% used [0x00000000e0900000,0x00000000e0900000,0x00000000e1700000)
  to   space 14336K, 0% used [0x00000000e1700000,0x00000000e1700000,0x00000000e2500000)
 ParOldGen       total 80384K, used 18756K [0x0000000081000000, 0x0000000085e80000, 0x00000000d5b00000)
  object space 80384K, 23% used [0x0000000081000000,0x0000000082251288,0x0000000085e80000)
 Metaspace       used 49108K, capacity 51214K, committed 51456K, reserved 1093632K
  class space    used 6421K, capacity 6798K, committed 6912K, reserved 1048576K
}

